DEB [20170718-17:41:38.493] thr=1   paramiko.transport: starting thread (client mode): 0x9b6c90
DEB [20170718-17:41:38.493] thr=1   paramiko.transport: Local version/idstring: SSH-2.0-paramiko_2.1.2
DEB [20170718-17:41:38.505] thr=1   paramiko.transport: Remote version/idstring: SSH-2.0-OpenSSH_5.3
INF [20170718-17:41:38.505] thr=1   paramiko.transport: Connected (version 2.0, client OpenSSH_5.3)
DEB [20170718-17:41:38.512] thr=1   paramiko.transport: kex algos:['diffie-hellman-group-exchange-sha256', 'diffie-hellman-group-exchange-sha1', 'diffie-hellman-group14-sha1', 'diffie-hellman-group1-sha1'] server key:['ssh-rsa', 'ssh-dss'] client encrypt:['aes128-ctr', 'aes192-ctr', 'aes256-ctr', 'arcfour256', 'arcfour128', 'aes128-cbc', '3des-cbc', 'blowfish-cbc', 'cast128-cbc', 'aes192-cbc', 'aes256-cbc', 'arcfour', 'rijndael-cbc@lysator.liu.se'] server encrypt:['aes128-ctr', 'aes192-ctr', 'aes256-ctr', 'arcfour256', 'arcfour128', 'aes128-cbc', '3des-cbc', 'blowfish-cbc', 'cast128-cbc', 'aes192-cbc', 'aes256-cbc', 'arcfour', 'rijndael-cbc@lysator.liu.se'] client mac:['hmac-md5', 'hmac-sha1', 'umac-64@openssh.com', 'hmac-sha2-256', 'hmac-sha2-512', 'hmac-ripemd160', 'hmac-ripemd160@openssh.com', 'hmac-sha1-96', 'hmac-md5-96'] server mac:['hmac-md5', 'hmac-sha1', 'umac-64@openssh.com', 'hmac-sha2-256', 'hmac-sha2-512', 'hmac-ripemd160', 'hmac-ripemd160@openssh.com', 'hmac-sha1-96', 'hmac-md5-96'] client compress:['none', 'zlib@openssh.com'] server compress:['none', 'zlib@openssh.com'] client lang:[''] server lang:[''] kex follows?False
DEB [20170718-17:41:38.512] thr=1   paramiko.transport: Kex agreed: diffie-hellman-group1-sha1
DEB [20170718-17:41:38.512] thr=1   paramiko.transport: Cipher agreed: aes128-ctr
DEB [20170718-17:41:38.512] thr=1   paramiko.transport: MAC agreed: hmac-sha2-256
DEB [20170718-17:41:38.512] thr=1   paramiko.transport: Compression agreed: none
DEB [20170718-17:41:38.671] thr=1   paramiko.transport: kex engine KexGroup1 specified hash_algo <built-in function openssl_sha1>
DEB [20170718-17:41:38.672] thr=1   paramiko.transport: Switch to new keys ...
DEB [20170718-17:41:38.673] thr=2   paramiko.transport: Attempting password auth...
DEB [20170718-17:41:38.718] thr=1   paramiko.transport: userauth is OK
INF [20170718-17:41:38.757] thr=1   paramiko.transport: Authentication (password) successful!
DEB [20170718-17:41:38.757] thr=2   paramiko.transport: [chan 0] Max packet in: 32768 bytes
DEB [20170718-17:41:38.886] thr=1   paramiko.transport: [chan 0] Max packet out: 32768 bytes
DEB [20170718-17:41:38.886] thr=1   paramiko.transport: Secsh channel 0 opened.
DEB [20170718-17:41:38.896] thr=1   paramiko.transport: [chan 0] Sesch channel 0 request ok
DEB [20170718-17:41:38.943] thr=1   paramiko.transport: [chan 0] EOF received (0)
DEB [20170718-17:41:38.944] thr=1   paramiko.transport: [chan 0] EOF sent (0)
DEB [20170718-17:41:38.945] thr=1   paramiko.transport: EOF in transport thread
