2017-06-20 11:58:35,195 - root - INFO å¼€æˆ·åã€wanã€‘å¯ç”¨ - [71496:72364]
2017-06-20 11:58:39,221 - root - INFO å¯†ç éªŒè¯ä¸€è‡´ - [71496]:[72364]
2017-06-20 11:58:50,307 - root - INFO ç”¨æˆ· ã€wanã€‘ ä¿¡æ¯è¾“å…¥æˆåŠŸï¼Œç­‰å¾…å‡ºå¡ã€‚ã€‚ã€‚ - [71496]:[72364]
2017-06-20 11:58:50,350 - root - INFO ç”¨æˆ· ã€wanã€‘ å‡ºå¡æˆåŠŸï¼Œæ‰“å°å‡­æ¡ - [71496]:[72364]
2017-06-20 14:15:10,065 - root - INFO ç”¨æˆ·ã€wangqiyuanã€‘éªŒè¯æ­£ç¡® - [5736:5100]
2017-06-20 14:15:23,319 - root - INFO å¡å·ã€0000000000000001ã€‘éªŒè¯æ­£ç¡® - [5736:5100]
2017-06-28 16:36:41,138 - root - INFO ç”¨æˆ·ã€wangqiyuanã€‘éªŒè¯æ­£ç¡® - [15676:71456]
2017-06-28 16:36:48,112 - root - INFO å¡å·ã€0000000000000001ã€‘éªŒè¯æ­£ç¡® - [15676:71456]
2017-06-28 16:39:04,509 - root - INFO ç”¨æˆ·ã€wangqiyuanã€‘éªŒè¯æ­£ç¡® - [70928:72308]
2017-06-28 16:39:07,762 - root - INFO å¡å·ã€0000000000000001ã€‘éªŒè¯æ­£ç¡® - [70928:72308]
2017-06-29 09:57:26,766 - root - INFO select * from hb_borrow - [63120:62772]
2017-06-29 09:59:53,012 - root - INFO sql execute successfully,[select * from hb_borrow] - [49312:66120]
2017-06-29 10:03:53,572 - root - INFO sql execute successfully [select * from hb_borrow] - [66716:11576]
2017-06-29 10:04:31,707 - root - INFO sql execute [1;31;40m successfully [0m [select * from hb_borrow] - [15676:70356]
2017-06-29 15:26:52,763 - root - error sql execute failure [INSERT INTO hb_borrow(username,borrow_done,huabei_limit,borrow_date) VALUES(self.user,huabei_done,wileborrow_huabei,now_date); ] - [38148:31412]
2017-06-29 15:35:14,381 - root - error sql execute failure [insert into hb_borrow(username,borrow_done,huabei_limit,borrow_date) VALUES(wangqiyuan,å–é…’,300,20170629)] - [56012:42444]
2017-06-29 15:39:05,672 - root - error sql execute failure [insert into hb_borrow(username,borrow_done,huabei_limit,borrow_date) VALUES(wangqiyuan,hejiu,22,20170629)] - [55308:37588]
2017-06-29 15:46:30,448 - root - INFO sql execute successfully [insert into hb_borrow (username,borrow_done,huabei_limit,borrow_date) values('wangqiyuan', 'hejiu', 100, '20170629')] - [59876:56604]
2017-06-29 15:49:05,477 - root - INFO sql execute successfully [insert into hb_borrow(username,borrow_done,huabei_limit,borrow_date) values('wangqiyuan', 'åƒé¥­', 200, '20170629')] - [81212:55268]
2017-06-29 15:57:58,913 - root - INFO sql execute successfully [insert into hb_borrow(username,borrow_done,huabei_limit,borrow_date) values('wangqiyuan', 'åƒå–ç©ä¹', 200, '20170629')] - [76788:72776]
2017-06-29 16:09:59,395 - root - INFO sql execute successfully [SELECT SUM(huabei_limit) FROM hb_borrow WHERE username = "wangqiyuan"] - [82380:79516]
2017-06-29 16:10:24,177 - root - INFO sql execute successfully [SELECT SUM(huabei_limit) FROM hb_borrow WHERE username = "wangqiyuan"] - [78192:73820]
2017-06-29 16:11:28,160 - root - INFO sql execute successfully [SELECT SUM(huabei_limit) FROM hb_borrow WHERE username = "wangqiyuan"] - [88828:90436]
2017-06-29 16:12:06,873 - root - INFO sql execute successfully [SELECT SUM(huabei_limit) FROM hb_borrow WHERE username = "wangqiyuan"] - [90236:79632]
2017-06-29 16:13:49,130 - root - INFO sql execute successfully [SELECT SUM(huabei_limit) FROM hb_borrow WHERE username = "wangqiyuan"] - [85060:89936]
2017-06-29 16:55:19,826 - root - INFO sql execute successfully [insert into hb_borrow(username,borrow_done,huabei_limit,borrow_date) values('wangqiyuan', '200', 200, '20170629')] - [85060:89936]
2017-06-29 17:05:10,269 - root - INFO sql execute successfully [SELECT SUM(huabei_limit) FROM hb_borrow WHERE username = "wangqiyuan"] - [12064:109804]
2017-06-29 17:05:18,707 - root - INFO sql execute successfully [insert into hb_borrow(username,borrow_done,huabei_limit,borrow_date) values('wangqiyuan', 'æ€äºº', 200, '20170629')] - [12064:109804]
2017-06-29 17:08:25,219 - root - INFO sql execute successfully [SELECT SUM(huabei_limit) FROM hb_borrow WHERE username = "wangqiyuan"] - [12980:11444]
2017-06-29 17:08:25,220 - root - error sql execute failure [SELECT SUM(huabei_limit) FROM hb_borrow WHERE username = "wangqiyuan"] - [12980:11444]
2017-06-29 18:26:58,364 - root - INFO sql execute successfully [SELECT * FROM hb_borrow WHERE username = "wangqiyuan"] - [38668:110264]
2017-06-29 18:32:08,149 - root - INFO sql execute successfully [SELECT * FROM hb_borrow WHERE username = "haha"] - [39716:42624]
2017-06-29 18:56:07,679 - root - INFO sql execute successfully [SELECT * FROM hb_borrow WHERE username = "haha"] - [54012:47068]
2017-06-29 18:56:28,308 - root - INFO ç”¨æˆ·ã€123ã€‘éªŒè¯æ­£ç¡® - [54012:47068]
2017-06-29 18:56:34,643 - root - INFO å¡å·ã€0000000000000010ã€‘éªŒè¯æ­£ç¡® - [54012:47068]
2017-06-29 18:57:04,921 - root - INFO sql execute successfully [SELECT * FROM hb_borrow WHERE username = "haha"] - [82128:46772]
2017-06-29 18:57:10,731 - root - INFO ç”¨æˆ·ã€123ã€‘éªŒè¯æ­£ç¡® - [82128:46772]
2017-06-29 18:57:15,927 - root - INFO å¡å·ã€0000000000000010ã€‘éªŒè¯æ­£ç¡® - [82128:46772]
2017-06-29 18:57:46,915 - root - error sql execute failure [insert into hb_borrow(username,borrow_done,huabei_limit,borrow_date,isrepayment,huabei_residur_limit) values('123', '', 3000, '20170629', 0, 3000)] - [82128:46772]
2017-06-29 18:57:46,916 - root - INFO èŠ±å‘—ä¼šå‘˜å¼€å¯ - [82128:46772]
2017-06-29 18:58:50,799 - root - error sql execute failure [insert into hb_borrow(username,borrow_done,huabei_limit,borrow_date,isrepayment,huabei_residur_limit) values('123', '', 3000, '20170629', 0, 3000)] - [37984:46732]
2017-06-29 18:58:50,799 - root - INFO èŠ±å‘—ä¼šå‘˜å¼€å¯ - [37984:46732]
2017-06-29 19:01:25,461 - root - INFO sql execute successfully [insert into hb_borrow(username,borrow_done,huabei_limit,borrow_date,isrepayment,huabei_residue_limit) values('123', '', 3000, 0, 0, 3000)] - [58412:56400]
2017-06-29 19:01:25,461 - root - INFO èŠ±å‘—ä¼šå‘˜å¼€å¯ - [58412:56400]
2017-06-29 19:03:49,282 - root - INFO sql execute successfully [insert into hb_borrow(username,borrow_done,huabei_limit,borrow_date,isrepayment,huabei_residue_limit) values('123', '', 3000, 0, 0, 3000)] - [55560:52184]
2017-06-29 19:04:36,282 - root - INFO sql execute successfully [insert into hb_borrow(username,borrow_done,huabei_limit,borrow_date,isrepayment,huabei_residue_limit) values('123', '', 3000, 0, 0, 3000)] - [52096:54688]
2017-06-29 19:04:47,579 - root - INFO ç”¨æˆ·ã€fdasã€‘éªŒè¯æ­£ç¡® - [52096:54688]
2017-06-29 19:04:51,169 - root - INFO å¡å·ã€0000000000000011ã€‘éªŒè¯æ­£ç¡® - [52096:54688]
2017-06-29 19:05:41,764 - root - INFO sql execute successfully [insert into hb_borrow(username,borrow_done,huabei_limit,borrow_date,isrepayment,huabei_residue_limit) values('fdas', '', 3000, 0, 0, 3000)] - [52096:54688]
2017-06-29 19:06:30,198 - root - INFO ç”¨æˆ·ã€fdasã€‘éªŒè¯æ­£ç¡® - [52096:54688]
2017-06-29 19:06:36,119 - root - INFO å¡å·ã€0000000000000011ã€‘éªŒè¯æ­£ç¡® - [52096:54688]
2017-06-29 19:48:21,200 - root - INFO sql execute successfully [SELECT huabei_residue_limit FROM hb_borrow WHERE username = "haha"] - [75376:78552]
2017-06-29 19:48:26,412 - root - INFO sql execute successfully [SELECT huabei_residue_limit FROM hb_borrow WHERE username = "haha"] - [63584:41632]
2017-06-29 19:48:36,282 - root - INFO sql execute successfully [SELECT huabei_residue_limit FROM hb_borrow WHERE username = "wangqiyuan"] - [34400:35912]
2017-06-29 19:49:08,111 - root - INFO sql execute successfully [SELECT huabei_residue_limit FROM hb_borrow WHERE username = "wangqiyuan"] - [67516:66800]
2017-06-29 19:50:02,181 - root - INFO sql execute successfully [SELECT huabei_residue_limit FROM hb_borrow WHERE username = "wangqiyuan"] - [69532:73604]
2017-06-29 19:50:08,047 - root - INFO sql execute successfully [UPDATE hb_borrow SET borrow_done= "åƒé¥­", huabei_residue_limit = 100.00, borrow_date = 20170629, isrepayment = 0 WHERE username = "wangqiyuan"] - [69532:73604]
2017-06-29 19:54:06,911 - root - INFO sql execute successfully [SELECT huabei_residue_limit FROM hb_borrow WHERE username = "wangqiyuan"] - [62760:79824]
2017-06-29 19:54:11,239 - root - INFO sql execute successfully [SELECT huabei_residue_limit FROM hb_borrow WHERE username = "wangqiyuan"] - [7432:76036]
2017-06-29 19:54:21,182 - root - INFO sql execute successfully [SELECT huabei_residue_limit FROM hb_borrow WHERE username = "wangqiyuan"] - [69908:91652]
2017-06-29 19:54:38,228 - root - INFO sql execute successfully [UPDATE hb_borrow SET borrow_done= "åƒé¥­", huabei_residue_limit = 200.00, borrow_date = 20170629, isrepayment = 0 WHERE username = "wangqiyuan"] - [69908:91652]
2017-06-29 19:56:12,013 - root - INFO sql execute successfully [SELECT huabei_residue_limit FROM hb_borrow WHERE username = "wangqiyuan"] - [77684:73772]
2017-06-29 19:56:20,114 - root - INFO sql execute successfully [UPDATE hb_borrow SET borrow_done= "åƒé¥­", huabei_residue_limit = 100.00, borrow_date = 20170629, isrepayment = 0 WHERE username = "wangqiyuan"] - [77684:73772]
2017-06-29 19:56:55,553 - root - INFO sql execute successfully [SELECT huabei_residue_limit FROM hb_borrow WHERE username = "wangqiyuan"] - [95956:63184]
2017-06-29 19:57:07,177 - root - INFO sql execute successfully [UPDATE hb_borrow SET borrow_done= "å–æ°´", huabei_residue_limit = 0.00, borrow_date = 20170629, isrepayment = 0 WHERE username = "wangqiyuan"] - [95956:63184]
2017-06-29 20:01:43,670 - root - INFO ç”¨æˆ·ã€wangqiyuanã€‘éªŒè¯æ­£ç¡® - [56476:23212]
2017-06-29 20:01:52,322 - root - INFO å¡å·ã€0000000000000001ã€‘éªŒè¯æ­£ç¡® - [56476:23212]
2017-06-29 20:04:38,549 - root - INFO ç”¨æˆ·ã€wangqiyuanã€‘éªŒè¯æ­£ç¡® - [93748:91236]
2017-06-29 20:04:40,433 - root - INFO å¡å·ã€0000000000000001ã€‘éªŒè¯æ­£ç¡® - [93748:91236]
2017-06-29 20:04:46,067 - root - INFO sql execute successfully [SELECT huabei_residue_limit FROM hb_borrow WHERE username = "wangqiyuan"] - [93748:91236]
2017-06-29 20:05:11,328 - root - INFO sql execute successfully [UPDATE hb_borrow SET borrow_done= "åƒé¥­", huabei_residue_limit = 200.00, borrow_date = 20170629, isrepayment = 0 WHERE username = "wangqiyuan"] - [93748:91236]
2017-06-29 20:06:10,746 - root - INFO sql execute successfully [SELECT huabei_residue_limit FROM hb_borrow WHERE username = "wangqiyuan"] - [93748:91236]
2017-06-29 20:06:19,276 - root - INFO sql execute successfully [UPDATE hb_borrow SET borrow_done= "100", huabei_residue_limit = 100.00, borrow_date = 20170629, isrepayment = 0 WHERE username = "wangqiyuan"] - [93748:91236]
2017-06-30 09:31:36,084 - root - INFO ç”¨æˆ·ã€wangqiyuanã€‘éªŒè¯æ­£ç¡® - [93748:91236]
2017-06-30 09:31:40,482 - root - INFO å¡å·ã€0000000000000001ã€‘éªŒè¯æ­£ç¡® - [93748:91236]
2017-06-30 09:31:49,792 - root - INFO sql execute successfully [SELECT huabei_residue_limit FROM hb_borrow WHERE username = "wangqiyuan"] - [93748:91236]
2017-06-30 11:42:59,286 - root - INFO ç”¨æˆ·ã€wangqiyuanã€‘éªŒè¯æ­£ç¡® - [42916:60324]
2017-06-30 11:43:03,060 - root - INFO å¡å·ã€0000000000000001ã€‘éªŒè¯æ­£ç¡® - [42916:60324]
2017-06-30 11:43:18,168 - root - INFO sql execute successfully [SELECT huabei_residue_limit FROM hb_borrow WHERE username = "wangqiyuan"] - [42916:60324]
2017-06-30 11:43:25,208 - root - INFO sql execute successfully [UPDATE hb_borrow SET borrow_done= "100", huabei_residue_limit = 0.00, borrow_date = 20170630, isrepayment = 0 WHERE username = "wangqiyuan"] - [42916:60324]
2017-07-04 10:47:06,457 - root - INFO å¼€æˆ·åã€zhangguoã€‘å¯ç”¨ - [16728:25256]
2017-07-04 10:47:13,016 - root - INFO å¯†ç éªŒè¯ä¸€è‡´ - [16728:25256]
2017-07-04 10:47:36,747 - root - INFO ç”¨æˆ· ã€zhangguoã€‘ ä¿¡æ¯è¾“å…¥æˆåŠŸï¼Œç­‰å¾…å‡ºå¡ã€‚ã€‚ã€‚ - [16728:25256]
2017-07-04 10:47:36,814 - root - INFO ç”¨æˆ· ã€zhangguoã€‘ å‡ºå¡æˆåŠŸï¼Œæ‰“å°å‡­æ¡ - [16728:25256]
2017-07-04 10:49:19,888 - root - INFO ç”¨æˆ·ã€wangqiyuanã€‘éªŒè¯æ­£ç¡® - [16728:25256]
2017-07-04 10:49:50,170 - root - INFO ç”¨æˆ·ã€zhangguoã€‘éªŒè¯æ­£ç¡® - [106836:109192]
2017-07-04 10:49:54,724 - root - INFO å¡å·ã€0000000000000018ã€‘éªŒè¯æ­£ç¡® - [106836:109192]
2017-07-04 10:59:10,917 - root - INFO å¼€æˆ·åã€liubiã€‘å¯ç”¨ - [11324:23716]
2017-07-04 10:59:17,051 - root - INFO å¯†ç éªŒè¯ä¸€è‡´ - [11324:23716]
2017-07-04 10:59:28,454 - root - INFO ç”¨æˆ· ã€liubiã€‘ ä¿¡æ¯è¾“å…¥æˆåŠŸï¼Œç­‰å¾…å‡ºå¡ã€‚ã€‚ã€‚ - [11324:23716]
2017-07-04 10:59:28,508 - root - INFO ç”¨æˆ· ã€liubiã€‘ å‡ºå¡æˆåŠŸï¼Œæ‰“å°å‡­æ¡ - [11324:23716]
2017-07-04 11:10:45,100 - root - INFO ç”¨æˆ·ã€zhangsanã€‘éªŒè¯æ­£ç¡® - [25748:104136]
2017-07-04 11:10:49,275 - root - INFO å¡å·ã€0000000000000002ã€‘éªŒè¯æ­£ç¡® - [25748:104136]
2017-07-04 11:11:45,396 - root - INFO ç”¨æˆ·ã€hanhongã€‘éªŒè¯æ­£ç¡® - [25748:104136]
2017-07-04 11:11:50,734 - root - INFO å¡å·ã€0000000000000003ã€‘éªŒè¯æ­£ç¡® - [25748:104136]
2017-07-04 11:14:01,620 - root - INFO ç”¨æˆ·ã€wangqiyuanã€‘éªŒè¯æ­£ç¡® - [25748:104136]
2017-07-04 11:14:06,205 - root - INFO å¡å·ã€0000000000000001ã€‘éªŒè¯æ­£ç¡® - [25748:104136]
2017-07-04 11:15:10,732 - root - INFO ç”¨æˆ·ã€zhangsanã€‘éªŒè¯æ­£ç¡® - [25748:104136]
2017-07-04 11:15:17,294 - root - INFO å¡å·ã€0000000000000002ã€‘éªŒè¯æ­£ç¡® - [25748:104136]
2017-07-04 11:17:21,293 - root - INFO ç”¨æˆ·ã€lisiã€‘éªŒè¯æ­£ç¡® - [70056:66204]
2017-07-04 11:17:25,249 - root - INFO å¡å·ã€0000000000000004ã€‘éªŒè¯æ­£ç¡® - [70056:66204]
2017-07-04 14:18:36,511 - root - INFO sql execute successfully [SELECT ifnull(huabei_limit,0)-ifnull(huabei_residue_limit,0) FROM hb_borrow WHERE username = "wangqiyuan"] - [101140:82320]
2017-07-04 14:18:36,546 - root - INFO sql execute successfully [SELECT borrow_date FROM hb_borrow WHERE username = "wangqiyuan"] - [101140:82320]
2017-07-04 14:19:06,628 - root - INFO sql execute successfully [SELECT ifnull(huabei_limit,0)-ifnull(huabei_residue_limit,0) FROM hb_borrow WHERE username = "wangqiyuan"] - [107668:92644]
2017-07-04 14:19:06,635 - root - INFO sql execute successfully [SELECT borrow_date FROM hb_borrow WHERE username = "wangqiyuan"] - [107668:92644]
2017-07-04 14:20:06,598 - root - INFO sql execute successfully [SELECT ifnull(huabei_limit,0)-ifnull(huabei_residue_limit,0) FROM hb_borrow WHERE username = "wangqiyuan"] - [988:62472]
2017-07-04 14:20:06,605 - root - INFO sql execute successfully [SELECT borrow_date FROM hb_borrow WHERE username = "wangqiyuan"] - [988:62472]
2017-07-04 14:20:31,009 - root - INFO sql execute successfully [SELECT ifnull(huabei_limit,0)-ifnull(huabei_residue_limit,0) FROM hb_borrow WHERE username = "wangqiyuan"] - [91340:84968]
2017-07-04 14:20:31,016 - root - INFO sql execute successfully [SELECT borrow_date FROM hb_borrow WHERE username = "wangqiyuan"] - [91340:84968]
2017-07-04 14:20:52,345 - root - INFO sql execute successfully [SELECT ifnull(huabei_limit,0)-ifnull(huabei_residue_limit,0) FROM hb_borrow WHERE username = "wangqiyuan"] - [36620:12840]
2017-07-04 14:20:52,351 - root - INFO sql execute successfully [SELECT borrow_date FROM hb_borrow WHERE username = "wangqiyuan"] - [36620:12840]
2017-07-04 14:21:08,838 - root - INFO sql execute successfully [SELECT ifnull(huabei_limit,0)-ifnull(huabei_residue_limit,0) FROM hb_borrow WHERE username = "wangqiyuan"] - [20468:110204]
2017-07-04 14:21:08,846 - root - INFO sql execute successfully [SELECT borrow_date FROM hb_borrow WHERE username = "wangqiyuan"] - [20468:110204]
2017-07-04 14:21:25,470 - root - INFO sql execute successfully [SELECT ifnull(huabei_limit,0)-ifnull(huabei_residue_limit,0) FROM hb_borrow WHERE username = "wangqiyuan"] - [21176:40888]
2017-07-04 14:21:25,477 - root - INFO sql execute successfully [SELECT borrow_date FROM hb_borrow WHERE username = "wangqiyuan"] - [21176:40888]
2017-07-04 14:22:08,991 - root - INFO sql execute successfully [SELECT ifnull(huabei_limit,0)-ifnull(huabei_residue_limit,0) FROM hb_borrow WHERE username = "wangqiyuan"] - [70376:58428]
2017-07-04 14:22:08,998 - root - INFO sql execute successfully [SELECT borrow_date FROM hb_borrow WHERE username = "wangqiyuan"] - [70376:58428]
2017-07-04 14:22:22,413 - root - INFO sql execute successfully [SELECT ifnull(huabei_limit,0)-ifnull(huabei_residue_limit,0) FROM hb_borrow WHERE username = "wangqiyuan"] - [105968:22548]
2017-07-04 14:22:22,421 - root - INFO sql execute successfully [SELECT borrow_date FROM hb_borrow WHERE username = "wangqiyuan"] - [105968:22548]
2017-07-04 14:22:34,821 - root - INFO sql execute successfully [SELECT ifnull(huabei_limit,0)-ifnull(huabei_residue_limit,0) FROM hb_borrow WHERE username = "wangqiyuan"] - [89040:65344]
2017-07-04 14:22:34,828 - root - INFO sql execute successfully [SELECT borrow_date FROM hb_borrow WHERE username = "wangqiyuan"] - [89040:65344]
2017-07-04 14:23:06,977 - root - INFO sql execute successfully [SELECT ifnull(huabei_limit,0)-ifnull(huabei_residue_limit,0) FROM hb_borrow WHERE username = "wangqiyuan"] - [74420:93700]
2017-07-04 14:23:06,984 - root - INFO sql execute successfully [SELECT borrow_date FROM hb_borrow WHERE username = "wangqiyuan"] - [74420:93700]
2017-07-04 14:23:38,499 - root - INFO sql execute successfully [SELECT ifnull(huabei_limit,0)-ifnull(huabei_residue_limit,0) FROM hb_borrow WHERE username = "wangqiyuan"] - [34340:75512]
2017-07-04 14:23:38,506 - root - INFO sql execute successfully [SELECT borrow_date FROM hb_borrow WHERE username = "wangqiyuan"] - [34340:75512]
2017-07-04 14:23:38,515 - root - INFO sql execute successfully [UPDATE hb_borrow SET  huabei_residue_limit = 0,isrepayment = 1 WHERE username = "wangqiyuan"] - [34340:75512]
2017-07-04 14:23:38,522 - root - INFO sql execute successfully [SELECT ifnull(huabei_limit,0)-ifnull(huabei_residue_limit,0) FROM hb_borrow WHERE username = "wangqiyuan"] - [34340:75512]
2017-07-04 14:26:00,823 - root - INFO sql execute successfully [SELECT ifnull(huabei_limit,0)-ifnull(huabei_residue_limit,0) FROM hb_borrow WHERE username = "wangqiyuan"] - [49420:94848]
2017-07-04 14:26:09,571 - root - INFO sql execute successfully [SELECT borrow_date FROM hb_borrow WHERE username = "wangqiyuan"] - [49420:94848]
2017-07-04 14:29:42,185 - root - INFO sql execute successfully [SELECT ifnull(huabei_limit,0)-ifnull(huabei_residue_limit,0) FROM hb_borrow WHERE username = "wangqiyuan"] - [6476:104144]
2017-07-04 14:29:42,192 - root - INFO sql execute successfully [SELECT borrow_date FROM hb_borrow WHERE username = "wangqiyuan"] - [6476:104144]
2017-07-04 14:29:42,202 - root - INFO sql execute successfully [UPDATE hb_borrow SET  huabei_residue_limit = 3000,isrepayment = 1 WHERE username = "wangqiyuan"] - [6476:104144]
2017-07-04 14:29:42,210 - root - INFO sql execute successfully [SELECT ifnull(huabei_limit,0)-ifnull(huabei_residue_limit,0) FROM hb_borrow WHERE username = "wangqiyuan"] - [6476:104144]
2017-07-04 14:30:31,559 - root - INFO sql execute successfully [SELECT ifnull(huabei_limit,0)-ifnull(huabei_residue_limit,0) FROM hb_borrow WHERE username = "wangqiyuan"] - [11244:31988]
2017-07-04 14:30:31,566 - root - INFO sql execute successfully [SELECT borrow_date FROM hb_borrow WHERE username = "wangqiyuan"] - [11244:31988]
2017-07-04 14:31:26,778 - root - INFO sql execute successfully [SELECT ifnull(huabei_limit,0)-ifnull(huabei_residue_limit,0) FROM hb_borrow WHERE username = "wangqiyuan"] - [102136:14888]
2017-07-04 14:31:26,785 - root - INFO sql execute successfully [SELECT borrow_date FROM hb_borrow WHERE username = "wangqiyuan"] - [102136:14888]
2017-07-04 14:31:26,814 - root - INFO sql execute successfully [UPDATE hb_borrow SET  huabei_residue_limit = 3000,isrepayment = 1 WHERE username = "wangqiyuan"] - [102136:14888]
2017-07-04 14:31:26,822 - root - INFO sql execute successfully [SELECT ifnull(huabei_limit,0)-ifnull(huabei_residue_limit,0) FROM hb_borrow WHERE username = "wangqiyuan"] - [102136:14888]
2017-07-04 14:33:20,801 - root - INFO sql execute successfully [UPDATE hb_borrow SET  huabei_residue_limit = 0,isrepayment = 1 WHERE username = "wangqiyuan"] - [49420:94848]
2017-07-04 14:33:20,810 - root - INFO sql execute successfully [SELECT ifnull(huabei_limit,0)-ifnull(huabei_residue_limit,0) FROM hb_borrow WHERE username = "wangqiyuan"] - [49420:94848]
2017-07-04 14:38:49,343 - root - INFO sql execute successfully [SELECT ifnull(huabei_limit,0)-ifnull(huabei_residue_limit,0) FROM hb_borrow WHERE username = "wangqiyuan"] - [109756:22424]
2017-07-04 14:38:49,351 - root - INFO sql execute successfully [SELECT borrow_date FROM hb_borrow WHERE username = "wangqiyuan"] - [109756:22424]
2017-07-04 14:40:51,583 - root - INFO sql execute successfully [SELECT ifnull(huabei_limit,0)-ifnull(huabei_residue_limit,0) FROM hb_borrow WHERE username = "wangqiyuan"] - [15856:23600]
2017-07-04 14:40:51,590 - root - INFO sql execute successfully [SELECT borrow_date FROM hb_borrow WHERE username = "wangqiyuan"] - [15856:23600]
2017-07-04 14:41:36,873 - root - INFO sql execute successfully [SELECT ifnull(huabei_limit,0)-ifnull(huabei_residue_limit,0) FROM hb_borrow WHERE username = "wangqiyuan"] - [15600:18548]
2017-07-04 14:41:36,880 - root - INFO sql execute successfully [SELECT borrow_date FROM hb_borrow WHERE username = "wangqiyuan"] - [15600:18548]
2017-07-04 14:42:19,709 - root - INFO sql execute successfully [SELECT ifnull(huabei_limit,0)-ifnull(huabei_residue_limit,0) FROM hb_borrow WHERE username = "wangqiyuan"] - [34740:108516]
2017-07-04 14:42:19,716 - root - INFO sql execute successfully [SELECT borrow_date FROM hb_borrow WHERE username = "wangqiyuan"] - [34740:108516]
2017-07-04 14:43:12,375 - root - INFO sql execute successfully [SELECT ifnull(huabei_limit,0)-ifnull(huabei_residue_limit,0) FROM hb_borrow WHERE username = "wangqiyuan"] - [10468:13304]
2017-07-04 14:43:12,382 - root - INFO sql execute successfully [SELECT borrow_date FROM hb_borrow WHERE username = "wangqiyuan"] - [10468:13304]
2017-07-04 14:46:02,738 - root - INFO sql execute successfully [SELECT ifnull(huabei_limit,0)-ifnull(huabei_residue_limit,0) FROM hb_borrow WHERE username = "wangqiyuan"] - [28464:91736]
2017-07-04 14:46:02,745 - root - INFO sql execute successfully [SELECT borrow_date FROM hb_borrow WHERE username = "wangqiyuan"] - [28464:91736]
2017-07-04 14:46:13,119 - root - INFO ç”¨æˆ·ã€wangqiyuanã€‘éªŒè¯æ­£ç¡® - [28464:91736]
2017-07-04 14:46:21,749 - root - INFO å¡å·ã€0000000000000001ã€‘éªŒè¯æ­£ç¡® - [28464:91736]
2017-07-04 14:46:28,605 - root - INFO sql execute successfully [SELECT ifnull(huabei_limit,0)-ifnull(huabei_residue_limit,0) FROM hb_borrow WHERE username = "wangqiyuan"] - [28464:91736]
2017-07-04 14:46:28,613 - root - INFO sql execute successfully [SELECT borrow_date FROM hb_borrow WHERE username = "wangqiyuan"] - [28464:91736]
2017-07-04 14:47:05,300 - root - INFO sql execute successfully [SELECT ifnull(huabei_limit,0)-ifnull(huabei_residue_limit,0) FROM hb_borrow WHERE username = "wangqiyuan"] - [31424:22220]
2017-07-04 14:47:05,307 - root - INFO sql execute successfully [SELECT borrow_date FROM hb_borrow WHERE username = "wangqiyuan"] - [31424:22220]
2017-07-04 14:47:36,532 - root - INFO ç”¨æˆ·ã€wangqiyuanã€‘éªŒè¯æ­£ç¡® - [16364:27636]
2017-07-04 14:47:40,492 - root - INFO å¡å·ã€0000000000000001ã€‘éªŒè¯æ­£ç¡® - [16364:27636]
2017-07-04 14:47:46,700 - root - INFO sql execute successfully [SELECT ifnull(huabei_limit,0)-ifnull(huabei_residue_limit,0) FROM hb_borrow WHERE username = "wangqiyuan"] - [16364:27636]
2017-07-04 14:47:46,708 - root - INFO sql execute successfully [SELECT borrow_date FROM hb_borrow WHERE username = "wangqiyuan"] - [16364:27636]
2017-07-04 14:49:23,987 - root - INFO ç”¨æˆ·ã€wangqiyuanã€‘éªŒè¯æ­£ç¡® - [38540:41052]
2017-07-04 14:49:27,899 - root - INFO å¡å·ã€0000000000000001ã€‘éªŒè¯æ­£ç¡® - [38540:41052]
2017-07-04 14:49:37,708 - root - INFO sql execute successfully [SELECT ifnull(huabei_limit,0)-ifnull(huabei_residue_limit,0) FROM hb_borrow WHERE username = "wangqiyuan"] - [38540:41052]
2017-07-04 14:49:37,717 - root - INFO sql execute successfully [SELECT borrow_date FROM hb_borrow WHERE username = "wangqiyuan"] - [38540:41052]
2017-07-04 14:49:37,740 - root - INFO sql execute successfully [UPDATE hb_borrow SET  huabei_residue_limit = 3000,isrepayment = 1 WHERE username = "wangqiyuan"] - [38540:41052]
2017-07-04 14:49:37,747 - root - INFO sql execute successfully [SELECT ifnull(huabei_limit,0)-ifnull(huabei_residue_limit,0) FROM hb_borrow WHERE username = "wangqiyuan"] - [38540:41052]
2017-07-04 14:59:45,333 - root - INFO ç”¨æˆ·ã€wangqiyuanã€‘éªŒè¯æ­£ç¡® - [16020:28784]
2017-07-04 14:59:54,686 - root - INFO å¡å·ã€0000000000000001ã€‘éªŒè¯æ­£ç¡® - [16020:28784]
2017-07-04 15:00:01,924 - root - INFO sql execute successfully [SELECT ifnull(huabei_limit,0)-ifnull(huabei_residue_limit,0) FROM hb_borrow WHERE username = "wangqiyuan"] - [16020:28784]
2017-07-04 15:00:01,931 - root - INFO sql execute successfully [SELECT borrow_date FROM hb_borrow WHERE username = "wangqiyuan"] - [16020:28784]
2017-07-04 15:01:24,841 - root - INFO ç”¨æˆ·ã€wangqiyuanã€‘éªŒè¯æ­£ç¡® - [48120:15708]
2017-07-04 15:01:31,206 - root - INFO å¡å·ã€0000000000000001ã€‘éªŒè¯æ­£ç¡® - [48120:15708]
2017-07-04 15:01:35,756 - root - INFO sql execute successfully [SELECT ifnull(huabei_limit,0)-ifnull(huabei_residue_limit,0) FROM hb_borrow WHERE username = "wangqiyuan"] - [48120:15708]
2017-07-04 15:01:35,763 - root - INFO sql execute successfully [SELECT borrow_date FROM hb_borrow WHERE username = "wangqiyuan"] - [48120:15708]
2017-07-04 15:01:42,612 - root - INFO sql execute successfully [SELECT ifnull(huabei_limit,0)-ifnull(huabei_residue_limit,0) FROM hb_borrow WHERE username = "wangqiyuan"] - [48120:15708]
2017-07-04 15:01:42,619 - root - INFO sql execute successfully [SELECT borrow_date FROM hb_borrow WHERE username = "wangqiyuan"] - [48120:15708]
2017-07-04 15:01:49,748 - root - INFO sql execute successfully [SELECT ifnull(huabei_limit,0)-ifnull(huabei_residue_limit,0) FROM hb_borrow WHERE username = "wangqiyuan"] - [48120:15708]
2017-07-04 15:01:49,756 - root - INFO sql execute successfully [SELECT borrow_date FROM hb_borrow WHERE username = "wangqiyuan"] - [48120:15708]
2017-07-04 15:01:59,219 - root - INFO sql execute successfully [SELECT ifnull(huabei_limit,0)-ifnull(huabei_residue_limit,0) FROM hb_borrow WHERE username = "wangqiyuan"] - [48120:15708]
2017-07-04 15:01:59,281 - root - INFO sql execute successfully [SELECT borrow_date FROM hb_borrow WHERE username = "wangqiyuan"] - [48120:15708]
2017-07-04 15:22:47,427 - root - error sql execute failure [insert into hb_borrow_info (username,borrow_info,borrow_date) values (wangqiyuan,åƒé¥­,20170704)] - [61768:57808]
2017-07-04 15:24:18,637 - root - error sql execute failure [insert into hb_borrow_info(username,borrow_info,borrow_date) values(wangqiyuan,åƒé¥­,20170704)] - [46024:52664]
2017-07-04 15:27:44,305 - root - error sql execute failure [insert into hb_borrow_info(username,borrow_info,borrow_date) values(wangqiyuan,åƒé¥­,20170704)] - [60712:37448]
2017-07-04 15:28:30,283 - root - INFO sql execute successfully [insert into hb_borrow_info(username,borrow_info,borrow_date) values("wangqiyuan","åƒé¥­",20170704)] - [59260:89120]
2017-07-04 15:33:22,538 - root - error sql execute failure [insert into hb_borrow_info(username,borrow_info,borrow_num,borrow_date) values("wangqiyuan","åƒé¥­",2000)] - [74532:58632]
2017-07-04 15:33:47,118 - root - error sql execute failure [insert into hb_borrow_info(username,borrow_info,borrow_num,borrow_date) values("wangqiyuan","åƒé¥­",2000)] - [57920:49416]
2017-07-04 15:34:34,980 - root - INFO sql execute successfully [insert into hb_borrow_info(username,borrow_info,borrow_num,borrow_date) values("wangqiyuan","åƒé¥­",2000,20170704)] - [58008:82168]
2017-07-04 15:39:12,867 - root - INFO ç”¨æˆ·ã€wangqiyuanã€‘éªŒè¯æ­£ç¡® - [60688:69916]
2017-07-04 15:39:37,503 - root - INFO å¡å·ã€0000000000000001ã€‘éªŒè¯æ­£ç¡® - [60688:69916]
2017-07-04 15:42:28,981 - root - INFO ç”¨æˆ·ã€wangqiyuanã€‘éªŒè¯æ­£ç¡® - [76708:69292]
2017-07-04 15:42:39,706 - root - INFO å¡å·ã€0000000000000001ã€‘éªŒè¯æ­£ç¡® - [76708:69292]
2017-07-04 15:43:20,214 - root - INFO ç”¨æˆ·ã€zhangsanã€‘éªŒè¯æ­£ç¡® - [76708:69292]
2017-07-04 15:43:24,724 - root - INFO å¡å·ã€0000000000000002ã€‘éªŒè¯æ­£ç¡® - [76708:69292]
2017-07-04 15:43:38,824 - root - INFO ç”¨æˆ·ã€hanhongã€‘éªŒè¯æ­£ç¡® - [76708:69292]
2017-07-04 15:43:42,683 - root - INFO å¡å·ã€0000000000000003ã€‘éªŒè¯æ­£ç¡® - [76708:69292]
2017-07-04 15:44:45,482 - root - INFO ç”¨æˆ·ã€hanhongã€‘éªŒè¯æ­£ç¡® - [7820:73132]
2017-07-04 15:44:49,075 - root - INFO å¡å·ã€0000000000000003ã€‘éªŒè¯æ­£ç¡® - [7820:73132]
2017-07-04 15:45:22,615 - root - INFO ç”¨æˆ·ã€hanhongã€‘éªŒè¯æ­£ç¡® - [7236:83692]
2017-07-04 15:45:26,147 - root - INFO å¡å·ã€0000000000000003ã€‘éªŒè¯æ­£ç¡® - [7236:83692]
2017-07-04 15:45:47,787 - root - INFO å¼€æˆ·åæ ¡éªŒæˆåŠŸ - [7236:83692]
2017-07-04 15:45:54,946 - root - INFO é“¶è¡Œå¡å·æ ¡éªŒæˆåŠŸ - [7236:83692]
2017-07-04 15:46:15,477 - root - INFO ç”¨æˆ·ã€hanhongã€‘éªŒè¯æ­£ç¡® - [80308:104048]
2017-07-04 15:46:22,060 - root - INFO å¡å·ã€0000000000000003ã€‘éªŒè¯æ­£ç¡® - [80308:104048]
2017-07-04 15:46:33,850 - root - INFO å¼€æˆ·åæ ¡éªŒæˆåŠŸ - [80308:104048]
2017-07-04 15:46:35,603 - root - INFO é“¶è¡Œå¡å·æ ¡éªŒæˆåŠŸ - [80308:104048]
2017-07-04 15:46:58,536 - root - INFO ç”¨æˆ·ã€hanhongã€‘éªŒè¯æ­£ç¡® - [78532:98880]
2017-07-04 15:47:04,017 - root - INFO å¡å·ã€0000000000000003ã€‘éªŒè¯æ­£ç¡® - [78532:98880]
2017-07-04 15:47:26,678 - root - INFO å¼€æˆ·åæ ¡éªŒæˆåŠŸ - [78532:98880]
2017-07-04 15:47:32,739 - root - INFO é“¶è¡Œå¡å·æ ¡éªŒæˆåŠŸ - [78532:98880]
2017-07-04 15:55:02,104 - root - error sql execute failure [SELECT borrow_info,borrow_num,borrow_date from hb_borrow_info WHERE username = wangqiyuan] - [110364:100736]
2017-07-04 15:55:09,141 - root - error sql execute failure [SELECT borrow_info,borrow_num,borrow_date from hb_borrow_info WHERE username = wangqiyuan] - [18192:61840]
2017-07-04 15:55:29,319 - root - INFO sql execute successfully [SELECT borrow_info,borrow_num,borrow_date from hb_borrow_info WHERE username = "wangqiyuan"] - [50192:84968]
2017-07-04 15:56:14,987 - root - INFO sql execute successfully [SELECT borrow_info,borrow_num,borrow_date from hb_borrow_info WHERE username = "wangqiyuan"] - [108104:92812]
2017-07-04 15:59:07,377 - root - INFO sql execute successfully [SELECT borrow_info,borrow_num,borrow_date from hb_borrow_info WHERE username = "wangqiyuan"] - [55744:100304]
2017-07-04 15:59:37,724 - root - INFO sql execute successfully [SELECT borrow_info,borrow_num,borrow_date from hb_borrow_info WHERE username = "wangqiyuan"] - [82352:42172]
2017-07-04 15:59:46,155 - root - INFO sql execute successfully [SELECT borrow_info,borrow_num,borrow_date from hb_borrow_info WHERE username = "wangqiyuan"] - [10396:46916]
2017-07-04 16:00:27,460 - root - INFO sql execute successfully [SELECT borrow_info,borrow_num,borrow_date from hb_borrow_info WHERE username = "wangqiyuan"] - [89272:54484]
2017-07-04 16:08:56,528 - root - INFO ç”¨æˆ·ã€wangqiyuanã€‘éªŒè¯æ­£ç¡® - [33652:26132]
2017-07-04 16:09:05,355 - root - INFO å¡å·ã€0000000000000001ã€‘éªŒè¯æ­£ç¡® - [33652:26132]
2017-07-04 16:09:29,376 - root - INFO ç”¨æˆ·ã€wangqiyuanã€‘éªŒè¯æ­£ç¡® - [101516:40920]
2017-07-04 16:09:35,753 - root - INFO å¡å·ã€0000000000000001ã€‘éªŒè¯æ­£ç¡® - [101516:40920]
2017-07-04 16:10:14,614 - root - INFO sql execute successfully [SELECT borrow_info,borrow_num,borrow_date from hb_borrow_info WHERE username = "wangqiyuan"] - [101516:40920]
2017-07-04 16:12:21,369 - root - INFO ç”¨æˆ·ã€hanhongã€‘éªŒè¯æ­£ç¡® - [101516:40920]
2017-07-04 16:12:26,889 - root - INFO å¡å·ã€0000000000000003ã€‘éªŒè¯æ­£ç¡® - [101516:40920]
2017-07-04 16:12:51,173 - root - INFO ç”¨æˆ·ã€123ã€‘éªŒè¯æ­£ç¡® - [101516:40920]
2017-07-04 16:12:54,984 - root - INFO å¡å·ã€0000000000000010ã€‘éªŒè¯æ­£ç¡® - [101516:40920]
2017-07-04 16:13:19,070 - root - INFO sql execute successfully [SELECT borrow_info,borrow_num,borrow_date from hb_borrow_info WHERE username = "123"] - [101516:40920]
2017-07-04 16:15:00,010 - root - INFO ç”¨æˆ·ã€123ã€‘éªŒè¯æ­£ç¡® - [98692:91224]
2017-07-04 16:15:05,407 - root - INFO å¡å·ã€0000000000000010ã€‘éªŒè¯æ­£ç¡® - [98692:91224]
2017-07-04 16:15:11,032 - root - INFO sql execute successfully [SELECT borrow_info,borrow_num,borrow_date from hb_borrow_info WHERE username = "123"] - [98692:91224]
2017-07-04 16:15:35,874 - root - INFO ç”¨æˆ·ã€123ã€‘éªŒè¯æ­£ç¡® - [2140:106332]
2017-07-04 16:15:37,611 - root - INFO å¡å·ã€0000000000000010ã€‘éªŒè¯æ­£ç¡® - [2140:106332]
2017-07-04 16:15:43,896 - root - INFO sql execute successfully [SELECT borrow_info,borrow_num,borrow_date from hb_borrow_info WHERE username = "123"] - [2140:106332]
2017-07-04 16:17:32,342 - root - INFO ç”¨æˆ·ã€123ã€‘éªŒè¯æ­£ç¡® - [77080:69152]
2017-07-04 16:17:36,006 - root - INFO å¡å·ã€0000000000000010ã€‘éªŒè¯æ­£ç¡® - [77080:69152]
2017-07-04 16:17:41,790 - root - INFO sql execute successfully [SELECT borrow_info,borrow_num,borrow_date from hb_borrow_info WHERE username = "123"] - [77080:69152]
2017-07-04 16:18:03,187 - root - INFO ç”¨æˆ·ã€123ã€‘éªŒè¯æ­£ç¡® - [21424:66040]
2017-07-04 16:18:04,359 - root - INFO å¡å·ã€0000000000000010ã€‘éªŒè¯æ­£ç¡® - [21424:66040]
2017-07-04 16:18:10,900 - root - INFO sql execute successfully [SELECT borrow_info,borrow_num,borrow_date from hb_borrow_info WHERE username = "123"] - [21424:66040]
2017-07-04 16:18:45,299 - root - INFO ç”¨æˆ·ã€123ã€‘éªŒè¯æ­£ç¡® - [37084:25400]
2017-07-04 16:18:56,733 - root - INFO å¡å·ã€0000000000000010ã€‘éªŒè¯æ­£ç¡® - [37084:25400]
2017-07-04 16:19:12,143 - root - INFO sql execute successfully [SELECT borrow_info,borrow_num,borrow_date from hb_borrow_info WHERE username = "123"] - [37084:25400]
2017-07-04 16:19:49,377 - root - INFO ç”¨æˆ·ã€123ã€‘éªŒè¯æ­£ç¡® - [103040:104152]
2017-07-04 16:19:51,156 - root - INFO å¡å·ã€0000000000000010ã€‘éªŒè¯æ­£ç¡® - [103040:104152]
2017-07-04 16:21:22,934 - root - INFO ç”¨æˆ·ã€123ã€‘éªŒè¯æ­£ç¡® - [1328:17484]
2017-07-04 16:21:30,181 - root - INFO å¡å·ã€0000000000000010ã€‘éªŒè¯æ­£ç¡® - [1328:17484]
2017-07-04 16:21:35,584 - root - INFO sql execute successfully [SELECT borrow_info,borrow_num,borrow_date from hb_borrow_info WHERE username = "123"] - [1328:17484]
2017-07-04 16:22:12,281 - root - INFO ç”¨æˆ·ã€123ã€‘éªŒè¯æ­£ç¡® - [98716:9196]
2017-07-04 16:22:13,741 - root - INFO å¡å·ã€0000000000000010ã€‘éªŒè¯æ­£ç¡® - [98716:9196]
2017-07-04 16:22:21,468 - root - INFO sql execute successfully [SELECT borrow_info,borrow_num,borrow_date from hb_borrow_info WHERE username = "123"] - [98716:9196]
2017-07-04 16:24:45,790 - root - INFO ç”¨æˆ·ã€123ã€‘éªŒè¯æ­£ç¡® - [23124:1364]
2017-07-04 16:24:47,324 - root - INFO å¡å·ã€0000000000000010ã€‘éªŒè¯æ­£ç¡® - [23124:1364]
2017-07-04 16:24:56,176 - root - INFO sql execute successfully [SELECT borrow_info,borrow_num,borrow_date from hb_borrow_info WHERE username = "123"] - [23124:1364]
2017-07-04 16:40:04,641 - root - INFO sql execute successfully [insert into hb_repayment_info(username,repayment_num,repayment_date) values("wangqiyuan",1000,20170704)] - [10088:34868]
2017-07-04 16:46:11,768 - root - INFO ç”¨æˆ·ã€wangqiyuanã€‘éªŒè¯æ­£ç¡® - [47660:47636]
2017-07-04 16:46:24,327 - root - INFO å¡å·ã€0000000000000001ã€‘éªŒè¯æ­£ç¡® - [47660:47636]
2017-07-04 16:47:31,686 - root - INFO sql execute successfully [SELECT huabei_residue_limit FROM hb_borrow WHERE username = "wangqiyuan"] - [47660:47636]
2017-07-04 16:47:49,896 - root - INFO ç”¨æˆ·ã€wangqiyuanã€‘éªŒè¯æ­£ç¡® - [43180:38804]
2017-07-04 16:47:52,865 - root - INFO å¡å·ã€0000000000000001ã€‘éªŒè¯æ­£ç¡® - [43180:38804]
2017-07-04 16:47:57,620 - root - INFO sql execute successfully [SELECT huabei_residue_limit FROM hb_borrow WHERE username = "wangqiyuan"] - [43180:38804]
2017-07-04 16:48:02,850 - root - INFO sql execute successfully [UPDATE hb_borrow SET borrow_done= "200",
                            huabei_residue_limit = 2800.00, borrow_date = 20170704, isrepayment = 0
                            WHERE username = "wangqiyuan"] - [43180:38804]
2017-07-04 16:48:02,862 - root - INFO sql execute successfully [insert into hb_borrow_info(username,borrow_info,borrow_num,borrow_date) values("wangqiyuan","200",200,20170704)] - [43180:38804]
2017-07-04 16:48:18,579 - root - INFO sql execute successfully [SELECT borrow_info,borrow_num,borrow_date from hb_borrow_info WHERE username = "wangqiyuan"] - [43180:38804]
2017-07-04 16:48:20,931 - root - INFO sql execute successfully [SELECT repayment_num,repayment_date from hb_repayment_info WHERE username = "wangqiyuan"] - [43180:38804]
2017-07-04 16:48:31,212 - root - INFO sql execute successfully [SELECT ifnull(huabei_limit,0)-ifnull(huabei_residue_limit,0) FROM hb_borrow WHERE username = "wangqiyuan"] - [43180:38804]
2017-07-04 16:48:31,219 - root - INFO sql execute successfully [SELECT borrow_date FROM hb_borrow WHERE username = "wangqiyuan"] - [43180:38804]
2017-07-04 16:49:01,857 - root - INFO ç”¨æˆ·ã€wangqiyuanã€‘éªŒè¯æ­£ç¡® - [54312:52100]
2017-07-04 16:49:06,498 - root - INFO å¡å·ã€0000000000000001ã€‘éªŒè¯æ­£ç¡® - [54312:52100]
2017-07-04 16:49:13,427 - root - INFO sql execute successfully [SELECT ifnull(huabei_limit,0)-ifnull(huabei_residue_limit,0) FROM hb_borrow WHERE username = "wangqiyuan"] - [54312:52100]
2017-07-04 16:49:13,434 - root - INFO sql execute successfully [SELECT borrow_date FROM hb_borrow WHERE username = "wangqiyuan"] - [54312:52100]
2017-07-04 16:50:55,418 - root - INFO ç”¨æˆ·ã€wangqiyuanã€‘éªŒè¯æ­£ç¡® - [55564:9116]
2017-07-04 16:50:59,324 - root - INFO å¡å·ã€0000000000000001ã€‘éªŒè¯æ­£ç¡® - [55564:9116]
2017-07-04 16:51:05,606 - root - INFO sql execute successfully [SELECT ifnull(huabei_limit,0)-ifnull(huabei_residue_limit,0) FROM hb_borrow WHERE username = "wangqiyuan"] - [55564:9116]
2017-07-04 16:51:05,613 - root - INFO sql execute successfully [SELECT borrow_date FROM hb_borrow WHERE username = "wangqiyuan"] - [55564:9116]
2017-07-04 16:52:24,828 - root - INFO ç”¨æˆ·ã€wangqiyuanã€‘éªŒè¯æ­£ç¡® - [49728:99280]
2017-07-04 16:52:34,572 - root - INFO å¡å·ã€0000000000000001ã€‘éªŒè¯æ­£ç¡® - [49728:99280]
2017-07-04 16:52:42,738 - root - INFO sql execute successfully [SELECT ifnull(huabei_limit,0)-ifnull(huabei_residue_limit,0) FROM hb_borrow WHERE username = "wangqiyuan"] - [49728:99280]
2017-07-04 16:52:42,745 - root - INFO sql execute successfully [SELECT borrow_date FROM hb_borrow WHERE username = "wangqiyuan"] - [49728:99280]
2017-07-04 16:53:12,397 - root - INFO ç”¨æˆ·ã€wangqiyuanã€‘éªŒè¯æ­£ç¡® - [43328:7692]
2017-07-04 16:53:13,925 - root - INFO å¡å·ã€0000000000000001ã€‘éªŒè¯æ­£ç¡® - [43328:7692]
2017-07-04 16:53:26,581 - root - INFO sql execute successfully [SELECT ifnull(huabei_limit,0)-ifnull(huabei_residue_limit,0) FROM hb_borrow WHERE username = "wangqiyuan"] - [43328:7692]
2017-07-04 16:53:26,589 - root - INFO sql execute successfully [SELECT borrow_date FROM hb_borrow WHERE username = "wangqiyuan"] - [43328:7692]
2017-07-04 16:54:09,435 - root - INFO ç”¨æˆ·ã€wangqiyuanã€‘éªŒè¯æ­£ç¡® - [52104:49140]
2017-07-04 16:54:10,654 - root - INFO å¡å·ã€0000000000000001ã€‘éªŒè¯æ­£ç¡® - [52104:49140]
2017-07-04 16:54:13,829 - root - INFO sql execute successfully [SELECT ifnull(huabei_limit,0)-ifnull(huabei_residue_limit,0) FROM hb_borrow WHERE username = "wangqiyuan"] - [52104:49140]
2017-07-04 16:54:13,836 - root - INFO sql execute successfully [SELECT borrow_date FROM hb_borrow WHERE username = "wangqiyuan"] - [52104:49140]
2017-07-04 16:54:36,747 - root - INFO ç”¨æˆ·ã€wangqiyuanã€‘éªŒè¯æ­£ç¡® - [55228:58344]
2017-07-04 16:54:38,998 - root - INFO å¡å·ã€0000000000000001ã€‘éªŒè¯æ­£ç¡® - [55228:58344]
2017-07-04 16:54:41,998 - root - INFO sql execute successfully [SELECT ifnull(huabei_limit,0)-ifnull(huabei_residue_limit,0) FROM hb_borrow WHERE username = "wangqiyuan"] - [55228:58344]
2017-07-04 16:54:42,005 - root - INFO sql execute successfully [SELECT borrow_date FROM hb_borrow WHERE username = "wangqiyuan"] - [55228:58344]
2017-07-04 16:54:42,878 - root - INFO sql execute successfully [UPDATE hb_borrow SET  huabei_residue_limit = 3000.0,isrepayment = 1 WHERE username = "wangqiyuan"] - [55228:58344]
2017-07-04 16:54:42,886 - root - INFO sql execute successfully [SELECT ifnull(huabei_limit,0)-ifnull(huabei_residue_limit,0) FROM hb_borrow WHERE username = "wangqiyuan"] - [55228:58344]
2017-07-04 16:54:42,903 - root - INFO sql execute successfully [insert into hb_repayment_info(username,repayment_num,repayment_date) values("wangqiyuan",200.00,20170704)] - [55228:58344]
2017-07-04 16:55:32,495 - root - INFO sql execute successfully [SELECT borrow_info,borrow_num,borrow_date from hb_borrow_info WHERE username = "wangqiyuan"] - [55228:58344]
2017-07-04 16:55:33,954 - root - INFO sql execute successfully [SELECT repayment_num,repayment_date from hb_repayment_info WHERE username = "wangqiyuan"] - [55228:58344]
2017-07-04 18:20:17,466 - root - INFO sql execute successfully [select * from hb_borrow] - [23484:15356]
2017-07-04 18:20:28,756 - root - INFO sql execute successfully [select * from hb_borrow] - [35232:45116]
2017-07-04 18:54:53,278 - root - INFO å¼€æˆ·åã€nimaã€‘å¯ç”¨ - [2996:2200]
2017-07-04 18:54:57,881 - root - INFO å¯†ç éªŒè¯ä¸€è‡´ - [2996:2200]
2017-07-04 18:55:08,132 - root - INFO ç”¨æˆ· ã€nimaã€‘ ä¿¡æ¯è¾“å…¥æˆåŠŸï¼Œç­‰å¾…å‡ºå¡ã€‚ã€‚ã€‚ - [2996:2200]
2017-07-04 18:55:08,179 - root - INFO ç”¨æˆ· ã€nimaã€‘ å‡ºå¡æˆåŠŸï¼Œæ‰“å°å‡­æ¡ - [2996:2200]
2017-07-04 18:55:17,937 - root - INFO ç”¨æˆ·ã€nimaã€‘éªŒè¯æ­£ç¡® - [2996:2200]
2017-07-04 18:55:21,450 - root - INFO å¡å·ã€0000000000000020ã€‘éªŒè¯æ­£ç¡® - [2996:2200]
2017-07-04 18:56:29,736 - root - INFO sql execute successfully [insert into hb_borrow(username,borrow_done,huabei_limit,borrow_date,isrepayment,huabei_residue_limit) values('nima', '', 3000, 0, 0, 3000)] - [2996:2200]
2017-07-04 18:56:50,360 - root - INFO ç”¨æˆ·ã€nimaã€‘éªŒè¯æ­£ç¡® - [2996:2200]
2017-07-04 18:56:55,745 - root - INFO å¡å·ã€0000000000000020ã€‘éªŒè¯æ­£ç¡® - [2996:2200]
2017-07-04 18:57:15,747 - root - INFO sql execute successfully [SELECT huabei_residue_limit FROM hb_borrow WHERE username = "nima"] - [2996:2200]
2017-07-04 18:57:34,523 - root - INFO sql execute successfully [SELECT huabei_residue_limit FROM hb_borrow WHERE username = "nima"] - [2996:2200]
2017-07-04 18:58:01,506 - root - INFO ç”¨æˆ·ã€nimaã€‘éªŒè¯æ­£ç¡® - [2664:496]
2017-07-04 18:58:03,291 - root - INFO å¡å·ã€0000000000000020ã€‘éªŒè¯æ­£ç¡® - [2664:496]
2017-07-04 18:58:18,489 - root - INFO sql execute successfully [SELECT huabei_residue_limit FROM hb_borrow WHERE username = "nima"] - [2664:496]
2017-07-04 18:59:45,448 - root - INFO ç”¨æˆ·ã€nimaã€‘éªŒè¯æ­£ç¡® - [2468:4124]
2017-07-04 18:59:47,495 - root - INFO å¡å·ã€0000000000000020ã€‘éªŒè¯æ­£ç¡® - [2468:4124]
2017-07-04 18:59:53,881 - root - INFO sql execute successfully [SELECT huabei_residue_limit FROM hb_borrow WHERE username = "nima"] - [2468:4124]
2017-07-04 19:00:00,965 - root - INFO sql execute successfully [UPDATE hb_borrow SET borrow_done= "das",
                            huabei_residue_limit = 2699.99, borrow_date = 20170704, isrepayment = 0
                            WHERE username = "nima"] - [2468:4124]
2017-07-04 19:00:00,967 - root - INFO sql execute successfully [insert into hb_borrow_info(username,borrow_info,borrow_num,borrow_date) values("nima","das",300.01,20170704)] - [2468:4124]
2017-07-04 19:00:11,367 - root - INFO sql execute successfully [SELECT borrow_info,borrow_num,borrow_date from hb_borrow_info WHERE username = "nima"] - [2468:4124]
2017-07-04 19:02:31,596 - root - INFO ç”¨æˆ·ã€nimaã€‘éªŒè¯æ­£ç¡® - [1040:3276]
2017-07-04 19:02:34,838 - root - INFO å¡å·ã€0000000000000020ã€‘éªŒè¯æ­£ç¡® - [1040:3276]
2017-07-04 19:03:57,032 - root - INFO sql execute successfully [SELECT ifnull(huabei_limit,0)-ifnull(huabei_residue_limit,0) FROM hb_borrow WHERE username = "nima"] - [1040:3276]
2017-07-04 19:03:57,040 - root - INFO sql execute successfully [SELECT borrow_date FROM hb_borrow WHERE username = "nima"] - [1040:3276]
2017-07-04 19:04:10,350 - root - INFO sql execute successfully [UPDATE hb_borrow SET  huabei_residue_limit = 3000.0,isrepayment = 1 WHERE username = "nima"] - [1040:3276]
2017-07-04 19:04:10,366 - root - INFO sql execute successfully [SELECT ifnull(huabei_limit,0)-ifnull(huabei_residue_limit,0) FROM hb_borrow WHERE username = "nima"] - [1040:3276]
2017-07-04 19:04:10,366 - root - INFO sql execute successfully [insert into hb_repayment_info(username,repayment_num,repayment_date) values("nima",300.01,20170704)] - [1040:3276]
2017-07-04 19:04:21,657 - root - INFO sql execute successfully [SELECT repayment_num,repayment_date from hb_repayment_info WHERE username = "nima"] - [1040:3276]
2017-07-04 19:04:40,282 - root - INFO sql execute successfully [SELECT huabei_residue_limit FROM hb_borrow WHERE username = "nima"] - [1040:3276]
2017-07-04 19:04:46,531 - root - INFO sql execute successfully [UPDATE hb_borrow SET borrow_done= "500",
                            huabei_residue_limit = 2500.0, borrow_date = 20170704, isrepayment = 0
                            WHERE username = "nima"] - [1040:3276]
2017-07-04 19:04:46,548 - root - INFO sql execute successfully [insert into hb_borrow_info(username,borrow_info,borrow_num,borrow_date) values("nima","500",500.0,20170704)] - [1040:3276]
2017-07-04 19:06:10,107 - root - INFO sql execute successfully [SELECT ifnull(huabei_limit,0)-ifnull(huabei_residue_limit,0) FROM hb_borrow WHERE username = "nima"] - [1040:3276]
2017-07-04 19:06:10,109 - root - INFO sql execute successfully [SELECT borrow_date FROM hb_borrow WHERE username = "nima"] - [1040:3276]
